<?xml version="1.0" encoding="UTF-8"?>
<testsuite xmlns:xsi="http://www.w3.org/2001/XMLSchema-instance" xsi:noNamespaceSchemaLocation="https://maven.apache.org/surefire/maven-surefire-plugin/xsd/surefire-test-report.xsd" version="3.0.2" name="fr.tiogars.data.gateway.GatewayRateLimitingIntegrationTest" time="4.058" tests="2" errors="0" skipped="0" failures="0" flakes="0">
  <properties>
[...]
</properties>
  <testcase name="shouldReturnTooManyRequestsWhenQuotaIsExceeded" classname="fr.tiogars.data.gateway.GatewayRateLimitingIntegrationTest" time="0.25">
    <system-out><![CDATA[2026-05-02T14:55:26.042+02:00  INFO 27020 --- [data-gateway] [           main] t.c.s.AnnotationConfigContextLoaderUtils : Could not detect default configuration classes for test class [fr.tiogars.data.gateway.GatewayRateLimitingIntegrationTest]: GatewayRateLimitingIntegrationTest does not declare any static, non-private, non-final, nested classes annotated with @Configuration.
2026-05-02T14:55:26.052+02:00  INFO 27020 --- [data-gateway] [           main] .b.t.c.SpringBootTestContextBootstrapper : Found @SpringBootConfiguration fr.tiogars.data.gateway.DataGatewayApplication for test class fr.tiogars.data.gateway.GatewayRateLimitingIntegrationTest
2026-05-02T14:55:26.054+02:00  INFO 27020 --- [data-gateway] [           main] t.c.s.AnnotationConfigContextLoaderUtils : Could not detect default configuration classes for test class [fr.tiogars.data.gateway.GatewayRateLimitingIntegrationTest]: GatewayRateLimitingIntegrationTest does not declare any static, non-private, non-final, nested classes annotated with @Configuration.
2026-05-02T14:55:26.062+02:00  INFO 27020 --- [data-gateway] [           main] .b.t.c.SpringBootTestContextBootstrapper : Found @SpringBootConfiguration fr.tiogars.data.gateway.DataGatewayApplication for test class fr.tiogars.data.gateway.GatewayRateLimitingIntegrationTest

  .   ____          _            __ _ _
 /\\ / ___'_ __ _ _(_)_ __  __ _ \ \ \ \
( ( )\___ | '_ | '_| | '_ \/ _` | \ \ \ \
 \\/  ___)| |_)| | | | | || (_| |  ) ) ) )
  '  |____| .__|_| |_|_| |_\__, | / / / /
 =========|_|==============|___/=/_/_/_/

 :: Spring Boot ::                (v4.0.6)

2026-05-02T14:55:27.231+02:00  INFO 27020 --- [data-gateway] [           main] t.d.g.GatewayRateLimitingIntegrationTest : Starting GatewayRateLimitingIntegrationTest using Java 25.0.2 with PID 27020 (started by tioga in C:\Users\tioga\dev\repos\data\data-gateway)
2026-05-02T14:55:27.231+02:00  INFO 27020 --- [data-gateway] [           main] t.d.g.GatewayRateLimitingIntegrationTest : No active profile set, falling back to 1 default profile: "default"
2026-05-02T14:55:27.376+02:00  INFO 27020 --- [data-gateway] [           main] o.s.cloud.context.scope.GenericScope     : BeanFactory id=a466a54a-2d61-3b5f-af18-c1b4a73a6089
2026-05-02T14:55:27.481+02:00  INFO 27020 --- [data-gateway] [           main] o.s.boot.tomcat.TomcatWebServer          : Tomcat initialized with port 0 (http)
2026-05-02T14:55:27.496+02:00  INFO 27020 --- [data-gateway] [           main] o.apache.catalina.core.StandardService   : Starting service [Tomcat]
2026-05-02T14:55:27.497+02:00  INFO 27020 --- [data-gateway] [           main] o.apache.catalina.core.StandardEngine    : Starting Servlet engine: [Apache Tomcat/11.0.21]
2026-05-02T14:55:27.556+02:00  INFO 27020 --- [data-gateway] [           main] b.w.c.s.WebApplicationContextInitializer : Root WebApplicationContext: initialization completed in 324 ms
2026-05-02T14:55:28.754+02:00  INFO 27020 --- [data-gateway] [           main] o.s.cloud.commons.util.InetUtils         : Cannot determine local hostname
2026-05-02T14:55:28.791+02:00  INFO 27020 --- [data-gateway] [           main] o.s.b.a.e.web.EndpointLinksResolver      : Exposing 2 endpoints beneath base path '/actuator'
2026-05-02T14:55:28.811+02:00  INFO 27020 --- [data-gateway] [           main] o.s.boot.tomcat.TomcatWebServer          : Tomcat started on port 63080 (http) with context path '/'
2026-05-02T14:55:29.820+02:00  INFO 27020 --- [data-gateway] [           main] o.s.cloud.commons.util.InetUtils         : Cannot determine local hostname
2026-05-02T14:55:29.821+02:00  INFO 27020 --- [data-gateway] [           main] t.d.g.GatewayRateLimitingIntegrationTest : Started GatewayRateLimitingIntegrationTest in 3.662 seconds (process running for 8.736)
2026-05-02T14:55:29.919+02:00  INFO 27020 --- [data-gateway] [o-auto-1-exec-1] o.a.c.c.C.[Tomcat].[localhost].[/]       : Initializing Spring DispatcherServlet 'dispatcherServlet'
2026-05-02T14:55:29.919+02:00  INFO 27020 --- [data-gateway] [o-auto-1-exec-1] o.s.web.servlet.DispatcherServlet        : Initializing Servlet 'dispatcherServlet'
2026-05-02T14:55:29.919+02:00  INFO 27020 --- [data-gateway] [o-auto-1-exec-1] o.s.web.servlet.DispatcherServlet        : Completed initialization in 0 ms
]]></system-out>
  </testcase>
  <testcase name="shouldRouteBusinessPathsToDownstream" classname="fr.tiogars.data.gateway.GatewayRateLimitingIntegrationTest" time="0.022"/>
</testsuite>