<?xml version="1.0" encoding="UTF-8"?>
<testsuite xmlns:xsi="http://www.w3.org/2001/XMLSchema-instance" xsi:noNamespaceSchemaLocation="https://maven.apache.org/surefire/maven-surefire-plugin/xsd/surefire-test-report.xsd" version="3.0.2" name="fr.tiogars.data.gateway.DataGatewayApplicationTests" time="4.869" tests="1" errors="0" skipped="0" failures="0" flakes="0">
  <properties>
[...]
</properties>
  <testcase name="contextLoads" classname="fr.tiogars.data.gateway.DataGatewayApplicationTests" time="0.327">
    <system-out><![CDATA[17:38:40.799 [main] INFO org.springframework.test.context.support.AnnotationConfigContextLoaderUtils -- Could not detect default configuration classes for test class [fr.tiogars.data.gateway.DataGatewayApplicationTests]: DataGatewayApplicationTests does not declare any static, non-private, non-final, nested classes annotated with @Configuration.
17:38:40.884 [main] INFO org.springframework.boot.test.context.SpringBootTestContextBootstrapper -- Found @SpringBootConfiguration fr.tiogars.data.gateway.DataGatewayApplication for test class fr.tiogars.data.gateway.DataGatewayApplicationTests
17:38:40.982 [main] INFO org.springframework.test.context.support.AnnotationConfigContextLoaderUtils -- Could not detect default configuration classes for test class [fr.tiogars.data.gateway.DataGatewayApplicationTests]: DataGatewayApplicationTests does not declare any static, non-private, non-final, nested classes annotated with @Configuration.
17:38:40.982 [main] INFO org.springframework.boot.test.context.SpringBootTestContextBootstrapper -- Found @SpringBootConfiguration fr.tiogars.data.gateway.DataGatewayApplication for test class fr.tiogars.data.gateway.DataGatewayApplicationTests

  .   ____          _            __ _ _
 /\\ / ___'_ __ _ _(_)_ __  __ _ \ \ \ \
( ( )\___ | '_ | '_| | '_ \/ _` | \ \ \ \
 \\/  ___)| |_)| | | | | || (_| |  ) ) ) )
  '  |____| .__|_| |_|_| |_\__, | / / / /
 =========|_|==============|___/=/_/_/_/

 :: Spring Boot ::                (v4.0.6)

2026-05-02T17:38:42.361+02:00  INFO 29176 --- [data-gateway] [           main] f.t.d.g.DataGatewayApplicationTests      : Starting DataGatewayApplicationTests using Java 25.0.2 with PID 29176 (started by tioga in C:\Users\tioga\dev\repos\data\data-gateway)
2026-05-02T17:38:42.362+02:00  INFO 29176 --- [data-gateway] [           main] f.t.d.g.DataGatewayApplicationTests      : No active profile set, falling back to 1 default profile: "default"
2026-05-02T17:38:43.117+02:00  INFO 29176 --- [data-gateway] [           main] o.s.cloud.context.scope.GenericScope     : BeanFactory id=4653afd7-da1f-3f91-9377-85eb40012a42
2026-05-02T17:38:44.888+02:00  INFO 29176 --- [data-gateway] [           main] o.s.cloud.commons.util.InetUtils         : Cannot determine local hostname
2026-05-02T17:38:45.066+02:00  INFO 29176 --- [data-gateway] [           main] o.s.b.a.e.web.EndpointLinksResolver      : Exposing 2 endpoints beneath base path '/actuator'
2026-05-02T17:38:45.123+02:00  INFO 29176 --- [data-gateway] [           main] f.t.d.g.DataGatewayApplicationTests      : Started DataGatewayApplicationTests in 4.007 seconds (process running for 5.013)
]]></system-out>
    <system-err><![CDATA[Mockito is currently self-attaching to enable the inline-mock-maker. This will no longer work in future releases of the JDK. Please add Mockito as an agent to your build as described in Mockito's documentation: https://javadoc.io/doc/org.mockito/mockito-core/latest/org.mockito/org/mockito/Mockito.html#0.3
WARNING: A Java agent has been loaded dynamically (C:\Users\tioga\.m2\repository\net\bytebuddy\byte-buddy-agent\1.17.8\byte-buddy-agent-1.17.8.jar)
WARNING: If a serviceability tool is in use, please run with -XX:+EnableDynamicAgentLoading to hide this warning
WARNING: If a serviceability tool is not in use, please run with -Djdk.instrument.traceUsage for more information
WARNING: Dynamic loading of agents will be disallowed by default in a future release
]]></system-err>
  </testcase>
</testsuite>